2015-04-15 22:40:33,702 INFO [main] h.v.j.v.g.Glavna [Glavna.java:51] Unos 1. publikacije
2015-04-15 22:41:18,716 INFO [main] h.v.j.v.g.Glavna [Glavna.java:51] Unos 1. publikacije
2015-04-15 22:42:53,024 INFO [main] h.v.j.v.g.Glavna [Glavna.java:51] Unos 1. publikacije
2015-04-15 22:44:43,132 INFO [main] h.v.j.v.g.Glavna [Glavna.java:51] Unos 1. publikacije
2015-04-15 22:50:44,730 INFO [main] h.v.j.v.g.Glavna [Glavna.java:51] Unos 1. publikacije
2015-04-15 22:51:19,581 INFO [main] h.v.j.v.g.Glavna [Glavna.java:51] Unos 1. publikacije
2015-04-15 22:53:17,566 INFO [main] h.v.j.v.g.Glavna [Glavna.java:51] Unos 1. publikacije
2015-04-15 22:53:51,930 INFO [main] h.v.j.v.g.Glavna [Glavna.java:51] Unos 1. publikacije
2015-04-15 22:55:42,110 INFO [main] h.v.j.v.g.Glavna [Glavna.java:51] Unos 1. publikacije
2015-04-15 22:59:34,426 INFO [main] h.v.j.v.g.Glavna [Glavna.java:51] Unos 1. publikacije
2015-04-15 23:01:02,227 INFO [main] h.v.j.v.g.Glavna [Glavna.java:51] Unos 1. publikacije
2015-04-15 23:02:22,435 INFO [main] h.v.j.v.g.Glavna [Glavna.java:51] Unos 1. publikacije
2015-04-15 23:03:54,661 INFO [main] h.v.j.v.g.Glavna [Glavna.java:51] Unos 1. publikacije
2015-04-15 23:05:18,076 INFO [main] h.v.j.v.g.Glavna [Glavna.java:51] Unos 1. publikacije
2015-04-15 23:15:59,530 INFO [main] h.v.j.v.g.Glavna [Glavna.java:51] Unos 1. publikacije
2015-04-15 23:18:48,095 INFO [main] h.v.j.v.g.Glavna [Glavna.java:51] Unos 1. publikacije
2015-04-15 23:20:05,448 INFO [main] h.v.j.v.g.Glavna [Glavna.java:51] Unos 1. publikacije
2015-04-15 23:21:08,645 INFO [main] h.v.j.v.g.Glavna [Glavna.java:51] Unos 1. publikacije
2015-04-15 23:23:13,492 INFO [main] h.v.j.v.g.Glavna [Glavna.java:51] Unos 1. publikacije
2015-04-15 23:24:39,178 INFO [main] h.v.j.v.g.Glavna [Glavna.java:51] Unos 1. publikacije
2015-04-15 23:27:46,709 INFO [main] h.v.j.v.g.Glavna [Glavna.java:51] Unos 1. publikacije
2015-04-15 23:28:51,614 INFO [main] h.v.j.v.g.Glavna [Glavna.java:51] Unos 1. publikacije
2015-04-15 23:29:50,678 INFO [main] h.v.j.v.g.Glavna [Glavna.java:51] Unos 1. publikacije
2015-04-15 23:30:49,152 INFO [main] h.v.j.v.g.Glavna [Glavna.java:51] Unos 1. publikacije
2015-04-17 08:41:16,069 INFO [main] h.v.j.v.g.Glavna [Glavna.java:52] Unos 1. publikacije
2015-04-17 08:51:16,924 INFO [main] h.v.j.v.g.Glavna [Glavna.java:52] Unos 1. publikacije
2015-04-17 08:53:51,265 INFO [main] h.v.j.v.g.Glavna [Glavna.java:52] Unos 1. publikacije
2015-04-17 08:56:36,638 INFO [main] h.v.j.v.g.Glavna [Glavna.java:52] Unos 1. publikacije
2015-05-06 20:59:34,685 INFO [main] h.v.j.v.g.Glavna [Glavna.java:58] Unos 1. publikacije
2015-05-06 21:02:14,656 INFO [main] h.v.j.v.g.Glavna [Glavna.java:58] Unos 1. publikacije
2015-05-06 21:06:59,078 INFO [main] h.v.j.v.g.Glavna [Glavna.java:58] Unos 1. publikacije
2015-05-06 21:07:34,358 INFO [main] h.v.j.v.g.Glavna [Glavna.java:58] Unos 1. publikacije
2015-05-06 21:08:45,499 INFO [main] h.v.j.v.g.Glavna [Glavna.java:58] Unos 1. publikacije
2015-05-06 21:09:27,377 INFO [main] h.v.j.v.g.Glavna [Glavna.java:58] Unos 1. publikacije
2015-05-06 21:10:44,183 INFO [main] h.v.j.v.g.Glavna [Glavna.java:58] Unos 1. publikacije
2015-05-06 21:11:16,159 ERROR [main] h.v.j.v.g.Glavna [Glavna.java:68] Nije isplativo za objavu
hr.vvg.java.vjezbe.iznimke.NeisplativoObjavljivanjeException: Pogreška! Unijeli ste neisplativu knjigu za objavljivanje, molimo ponovite upis!
	at hr.vvg.java.vjezbe.entitet.Knjiga.<init>(Knjiga.java:30) ~[classes/:na]
	at hr.vvg.java.vjezbe.glavna.Glavna.unesiKnjigu(Glavna.java:255) ~[classes/:na]
	at hr.vvg.java.vjezbe.glavna.Glavna.main(Glavna.java:59) ~[classes/:na]
2015-05-06 21:11:19,139 INFO [main] h.v.j.v.g.Glavna [Glavna.java:58] Unos 1. publikacije
2015-05-06 21:12:41,205 INFO [main] h.v.j.v.g.Glavna [Glavna.java:58] Unos 1. publikacije
2015-05-06 21:12:53,924 ERROR [main] h.v.j.v.g.Glavna [Glavna.java:68] Nije isplativo za objavu
hr.vvg.java.vjezbe.iznimke.NeisplativoObjavljivanjeException: Pogreška! Unijeli ste neisplativu knjigu za objavljivanje, molimo ponovite upis!
	at hr.vvg.java.vjezbe.entitet.Knjiga.<init>(Knjiga.java:30) ~[classes/:na]
	at hr.vvg.java.vjezbe.glavna.Glavna.unesiKnjigu(Glavna.java:255) ~[classes/:na]
	at hr.vvg.java.vjezbe.glavna.Glavna.main(Glavna.java:59) ~[classes/:na]
2015-05-06 21:12:53,924 INFO [main] h.v.j.v.g.Glavna [Glavna.java:58] Unos 1. publikacije
2015-05-06 21:13:09,781 INFO [main] h.v.j.v.g.Glavna [Glavna.java:58] Unos 1. publikacije
2015-05-06 21:13:21,862 INFO [main] h.v.j.v.g.Glavna [Glavna.java:87] Unos 1. publikacije
2015-05-06 21:13:31,243 INFO [main] h.v.j.v.g.Glavna [Glavna.java:87] Unos 1. publikacije
2015-05-06 21:14:08,922 INFO [main] h.v.j.v.g.Glavna [Glavna.java:58] Unos 1. publikacije
2015-05-06 21:14:20,361 INFO [main] h.v.j.v.g.Glavna [Glavna.java:58] Unos 1. publikacije
2015-05-06 21:14:30,368 INFO [main] h.v.j.v.g.Glavna [Glavna.java:87] Unos 1. publikacije
2015-05-06 21:14:39,717 ERROR [main] h.v.j.v.g.Glavna [Glavna.java:97] Nije isplativo za objavu
hr.vvg.java.vjezbe.iznimke.NeisplativoObjavljivanjeException: Pogreška! Unijeli ste neisplativ casopis za objavljivanje, molimo ponovite upis!
	at hr.vvg.java.vjezbe.entitet.Casopis.<init>(Casopis.java:26) ~[classes/:na]
	at hr.vvg.java.vjezbe.glavna.Glavna.unesiCasopis(Glavna.java:343) ~[classes/:na]
	at hr.vvg.java.vjezbe.glavna.Glavna.main(Glavna.java:89) ~[classes/:na]
2015-05-06 21:14:39,717 INFO [main] h.v.j.v.g.Glavna [Glavna.java:87] Unos 1. publikacije
2015-05-06 21:16:09,173 INFO [main] h.v.j.v.g.Glavna [Glavna.java:58] Unos 1. publikacije
2015-05-06 21:16:20,519 INFO [main] h.v.j.v.g.Glavna [Glavna.java:58] Unos 1. publikacije
2015-05-06 21:16:31,446 INFO [main] h.v.j.v.g.Glavna [Glavna.java:87] Unos 1. publikacije
2015-05-06 21:16:39,797 ERROR [main] h.v.j.v.g.Glavna [Glavna.java:97] Nije isplativo za objavu
hr.vvg.java.vjezbe.iznimke.NeisplativoObjavljivanjeException: Pogreška! Unijeli ste neisplativ casopis za objavljivanje, molimo ponovite upis!
	at hr.vvg.java.vjezbe.entitet.Casopis.<init>(Casopis.java:26) ~[classes/:na]
	at hr.vvg.java.vjezbe.glavna.Glavna.unesiCasopis(Glavna.java:344) ~[classes/:na]
	at hr.vvg.java.vjezbe.glavna.Glavna.main(Glavna.java:89) ~[classes/:na]
2015-05-06 21:16:39,797 INFO [main] h.v.j.v.g.Glavna [Glavna.java:87] Unos 1. publikacije
2015-05-06 21:16:53,905 INFO [main] h.v.j.v.g.Glavna [Glavna.java:87] Unos 1. publikacije
2015-05-06 21:17:02,551 ERROR [main] h.v.j.v.g.Glavna [Glavna.java:97] Nije isplativo za objavu
hr.vvg.java.vjezbe.iznimke.NeisplativoObjavljivanjeException: Pogreška! Unijeli ste neisplativ casopis za objavljivanje, molimo ponovite upis!
	at hr.vvg.java.vjezbe.entitet.Casopis.<init>(Casopis.java:26) ~[classes/:na]
	at hr.vvg.java.vjezbe.glavna.Glavna.unesiCasopis(Glavna.java:344) ~[classes/:na]
	at hr.vvg.java.vjezbe.glavna.Glavna.main(Glavna.java:89) ~[classes/:na]
2015-05-06 21:17:02,551 INFO [main] h.v.j.v.g.Glavna [Glavna.java:87] Unos 1. publikacije
2015-05-09 23:42:49,914 INFO [main] h.v.j.v.g.Glavna [Glavna.java:58] Unos 1. publikacije
2015-05-09 23:43:05,901 INFO [main] h.v.j.v.g.Glavna [Glavna.java:58] Unos 1. publikacije
2015-05-09 23:43:21,298 INFO [main] h.v.j.v.g.Glavna [Glavna.java:87] Unos 1. publikacije
2015-05-09 23:43:30,731 INFO [main] h.v.j.v.g.Glavna [Glavna.java:87] Unos 1. publikacije
2015-05-09 23:44:13,760 INFO [main] h.v.j.v.g.Glavna [Glavna.java:116] Unos clana
2015-05-09 23:44:16,608 INFO [main] h.v.j.v.g.Glavna [Glavna.java:121] Odabrana publikacija: 
2015-05-12 22:11:48,856 INFO [main] h.v.j.v.g.Glavna [Glavna.java:58] Unos 1. publikacije
2015-05-12 22:12:11,515 ERROR [main] h.v.j.v.g.Glavna [Glavna.java:68] Nije isplativo za objavu
hr.vvg.java.vjezbe.iznimke.NeisplativoObjavljivanjeException: Pogreška! Unijeli ste neisplativu knjigu za objavljivanje, molimo ponovite upis!
	at hr.vvg.java.vjezbe.entitet.Knjiga.<init>(Knjiga.java:30) ~[classes/:na]
	at hr.vvg.java.vjezbe.glavna.Glavna.unesiKnjigu(Glavna.java:255) ~[classes/:na]
	at hr.vvg.java.vjezbe.glavna.Glavna.main(Glavna.java:59) ~[classes/:na]
2015-05-12 22:12:11,516 INFO [main] h.v.j.v.g.Glavna [Glavna.java:58] Unos 1. publikacije
2015-05-12 22:12:25,729 INFO [main] h.v.j.v.g.Glavna [Glavna.java:58] Unos 1. publikacije
2015-05-12 22:12:40,370 INFO [main] h.v.j.v.g.Glavna [Glavna.java:87] Unos 1. publikacije
2015-05-12 22:12:48,535 INFO [main] h.v.j.v.g.Glavna [Glavna.java:87] Unos 1. publikacije
2015-05-12 22:12:57,839 ERROR [main] h.v.j.v.g.Glavna [Glavna.java:97] Nije isplativo za objavu
hr.vvg.java.vjezbe.iznimke.NeisplativoObjavljivanjeException: Pogreška! Unijeli ste neisplativ casopis za objavljivanje, molimo ponovite upis!
	at hr.vvg.java.vjezbe.entitet.Casopis.<init>(Casopis.java:26) ~[classes/:na]
	at hr.vvg.java.vjezbe.glavna.Glavna.unesiCasopis(Glavna.java:344) ~[classes/:na]
	at hr.vvg.java.vjezbe.glavna.Glavna.main(Glavna.java:89) ~[classes/:na]
2015-05-12 22:12:57,839 INFO [main] h.v.j.v.g.Glavna [Glavna.java:87] Unos 1. publikacije
2015-05-12 22:13:16,726 INFO [main] h.v.j.v.g.Glavna [Glavna.java:58] Unos 1. publikacije
2015-05-12 22:13:31,011 INFO [main] h.v.j.v.g.Glavna [Glavna.java:58] Unos 1. publikacije
2015-05-12 22:13:42,238 INFO [main] h.v.j.v.g.Glavna [Glavna.java:87] Unos 1. publikacije
2015-05-12 22:13:50,583 INFO [main] h.v.j.v.g.Glavna [Glavna.java:87] Unos 1. publikacije
2015-05-12 22:16:12,928 INFO [main] h.v.j.v.g.Glavna [Glavna.java:116] Unos clana
2015-05-12 22:16:15,989 INFO [main] h.v.j.v.g.Glavna [Glavna.java:121] Odabrana publikacija: 
2015-05-13 23:10:18,997 INFO [main] h.v.j.v.g.Glavna [Glavna.java:106] Unos 1. publikacije
2015-05-13 23:13:42,879 INFO [main] h.v.j.v.g.Glavna [Glavna.java:106] Unos 1. publikacije
2015-05-13 23:14:12,554 INFO [main] h.v.j.v.g.Glavna [Glavna.java:106] Unos 1. publikacije
2015-05-13 23:14:48,837 INFO [main] h.v.j.v.g.Glavna [Glavna.java:108] Unos 1. publikacije
2015-05-13 23:15:36,613 INFO [main] h.v.j.v.g.Glavna [Glavna.java:108] Unos 1. publikacije
2015-05-13 23:15:48,067 INFO [main] h.v.j.v.g.Glavna [Glavna.java:108] Unos 1. publikacije
2015-05-13 23:48:48,764 INFO [main] h.v.j.v.g.Glavna [Glavna.java:158] Unos clana
2015-05-13 23:49:58,375 INFO [main] h.v.j.v.g.Glavna [Glavna.java:160] Unos clana
2015-05-13 23:51:21,777 INFO [main] h.v.j.v.g.Glavna [Glavna.java:160] Unos clana
2015-05-13 23:51:31,168 INFO [main] h.v.j.v.g.Glavna [Glavna.java:167] Odabrana publikacija: 
2015-05-15 22:17:14,760 INFO [main] h.v.j.v.g.Glavna [Glavna.java:157] Unos clana
2015-05-15 22:44:59,277 INFO [main] h.v.j.v.g.Glavna [Glavna.java:170] Unos clana
2015-05-15 22:48:10,631 INFO [main] h.v.j.v.g.Glavna [Glavna.java:172] Unos clana
2015-05-15 22:48:42,445 INFO [main] h.v.j.v.g.Glavna [Glavna.java:172] Unos clana
2015-05-15 22:50:29,749 INFO [main] h.v.j.v.g.Glavna [Glavna.java:174] Unos clana
2015-05-15 22:50:46,318 INFO [main] h.v.j.v.g.Glavna [Glavna.java:174] Unos clana
2015-05-15 22:50:59,712 INFO [main] h.v.j.v.g.Glavna [Glavna.java:174] Unos clana
2015-05-15 22:51:25,296 INFO [main] h.v.j.v.g.Glavna [Glavna.java:176] Unos clana
2015-05-15 22:51:36,620 INFO [main] h.v.j.v.g.Glavna [Glavna.java:176] Unos clana
2015-05-15 22:53:18,266 INFO [main] h.v.j.v.g.Glavna [Glavna.java:176] Unos clana
2015-05-15 22:54:16,299 INFO [main] h.v.j.v.g.Glavna [Glavna.java:176] Unos clana
2015-05-15 22:55:48,864 INFO [main] h.v.j.v.g.Glavna [Glavna.java:176] Unos clana
2015-05-15 22:56:36,700 INFO [main] h.v.j.v.g.Glavna [Glavna.java:170] Unos clana
2015-05-15 22:56:49,305 INFO [main] h.v.j.v.g.Glavna [Glavna.java:170] Unos clana
2015-05-15 22:57:00,005 INFO [main] h.v.j.v.g.Glavna [Glavna.java:177] Odabrana publikacija: 
2015-05-15 23:01:31,111 INFO [main] h.v.j.v.g.Glavna [Glavna.java:141] Unos clana
2015-05-15 23:01:44,635 INFO [main] h.v.j.v.g.Glavna [Glavna.java:141] Unos clana
2015-05-15 23:01:54,685 INFO [main] h.v.j.v.g.Glavna [Glavna.java:148] Odabrana publikacija: 
2015-05-15 23:10:47,763 INFO [main] h.v.j.v.g.Glavna [Glavna.java:144] Unos clana
2015-05-15 23:10:57,263 INFO [main] h.v.j.v.g.Glavna [Glavna.java:151] Odabrana publikacija: 
2015-05-15 23:14:35,582 INFO [main] h.v.j.v.g.Glavna [Glavna.java:144] Unos clana
2015-05-15 23:14:42,961 INFO [main] h.v.j.v.g.Glavna [Glavna.java:151] Odabrana publikacija: 
2015-05-15 23:15:14,234 INFO [main] h.v.j.v.g.Glavna [Glavna.java:144] Unos clana
2015-05-15 23:15:21,550 INFO [main] h.v.j.v.g.Glavna [Glavna.java:151] Odabrana publikacija: 
2015-05-15 23:16:22,741 INFO [main] h.v.j.v.g.Glavna [Glavna.java:144] Unos clana
2015-05-15 23:16:29,839 INFO [main] h.v.j.v.g.Glavna [Glavna.java:151] Odabrana publikacija: 
2015-05-15 23:16:59,269 INFO [main] h.v.j.v.g.Glavna [Glavna.java:144] Unos clana
2015-05-15 23:17:06,507 INFO [main] h.v.j.v.g.Glavna [Glavna.java:151] Odabrana publikacija: 
2015-05-15 23:17:44,748 INFO [main] h.v.j.v.g.Glavna [Glavna.java:144] Unos clana
2015-05-15 23:17:51,503 INFO [main] h.v.j.v.g.Glavna [Glavna.java:151] Odabrana publikacija: 
2015-05-15 23:18:25,230 INFO [main] h.v.j.v.g.Glavna [Glavna.java:144] Unos clana
2015-05-15 23:18:31,564 INFO [main] h.v.j.v.g.Glavna [Glavna.java:151] Odabrana publikacija: 
